#
# A fatal error has been detected by the Java Runtime Environment:
#
#  Internal Error (javaClasses.cpp:129), pid=6740, tid=5612
#  fatal error: Invalid layout of preloaded class
#
# JRE version: 7.0_09-b05
# Java VM: Java HotSpot(TM) Client VM (23.5-b02 mixed mode windows-x86 )
# Failed to write core dump. Minidumps are not enabled by default on client versions of Windows
#
# If you would like to submit a bug report, please visit:
#   http://bugreport.sun.com/bugreport/crash.jsp
#

---------------  T H R E A D  ---------------

Current thread (0x012cb000):  JavaThread "Unknown thread" [_thread_in_vm, id=5612, stack(0x01780000,0x017d0000)]

Stack: [0x01780000,0x017d0000],  sp=0x017cf46c,  free space=317k
Native frames: (J=compiled Java code, j=interpreted, Vv=VM code, C=native code)
V  [jvm.dll+0x16f2f1]
V  [jvm.dll+0x169496]
V  [jvm.dll+0x2082f]
V  [jvm.dll+0x208b6]
V  [jvm.dll+0x2e64d]
V  [jvm.dll+0x2e8f9]
V  [jvm.dll+0x77d01]
V  [jvm.dll+0x780bb]
V  [jvm.dll+0x1290e1]
V  [jvm.dll+0x149b8a]
V  [jvm.dll+0xa997f]
C  [javaw.exe+0x1359]
C  [javaw.exe+0x1dbb]
C  [javaw.exe+0xa0eb]
C  [javaw.exe+0xa175]
C  [kernel32.dll+0x4ed6c]  BaseThreadInitThunk+0x12
C  [ntdll.dll+0x6377b]  RtlInitializeExceptionChain+0xef
C  [ntdll.dll+0x6374e]  RtlInitializeExceptionChain+0xc2


---------------  P R O C E S S  ---------------

Java Threads: ( => current thread )

Other Threads:

=>0x012cb000 (exited) JavaThread "Unknown thread" [_thread_in_vm, id=5612, stack(0x01780000,0x017d0000)]

VM state:not at safepoint (not fully initialized)

VM Mutex/Monitor currently owned by a thread: None

GC Heap History (0 events):
No events

Deoptimization events (0 events):
No events

Internal exceptions (0 events):
No events

Events (10 events):
Event: 0.015 loading class 0x011166e8 done
Event: 0.015 loading class 0x012cf8f0 done
Event: 0.015 loading class 0x012cf8c8
Event: 0.015 loading class 0x011898c0
Event: 0.015 loading class 0x011898c0 done
Event: 0.015 loading class 0x011898f8
Event: 0.015 loading class 0x011898f8 done
Event: 0.015 loading class 0x0117e398
Event: 0.015 loading class 0x0117e398 done
Event: 0.015 loading class 0x012cf8c8 done


Dynamic libraries:
0x012f0000 - 0x0131f000 	C:\Program Files\Java\jre7\bin\javaw.exe
0x77250000 - 0x7738c000 	C:\Windows\SYSTEM32\ntdll.dll
0x75ef0000 - 0x75fc4000 	C:\Windows\system32\kernel32.dll
0x75590000 - 0x755db000 	C:\Windows\system32\KERNELBASE.dll
0x764b0000 - 0x76550000 	C:\Windows\system32\ADVAPI32.dll
0x75de0000 - 0x75e8c000 	C:\Windows\system32\msvcrt.dll
0x773b0000 - 0x773c9000 	C:\Windows\SYSTEM32\sechost.dll
0x76550000 - 0x765f1000 	C:\Windows\system32\RPCRT4.dll
0x76280000 - 0x76349000 	C:\Windows\system32\USER32.dll
0x757f0000 - 0x7583e000 	C:\Windows\system32\GDI32.dll
0x773d0000 - 0x773da000 	C:\Windows\system32\LPK.dll
0x758d0000 - 0x7596d000 	C:\Windows\system32\USP10.dll
0x741d0000 - 0x7436e000 	C:\Windows\WinSxS\x86_microsoft.windows.common-controls_6595b64144ccf1df_6.0.7601.17514_none_41e6975e2bd6f2b2\COMCTL32.dll
0x76220000 - 0x76277000 	C:\Windows\system32\SHLWAPI.dll
0x75fd0000 - 0x75fef000 	C:\Windows\system32\IMM32.DLL
0x75970000 - 0x75a3c000 	C:\Windows\system32\MSCTF.dll
0x62480000 - 0x6253e000 	C:\Program Files\Java\jre7\bin\msvcr100.dll
0x533c0000 - 0x5370d000 	C:\Program Files\Java\jre7\bin\client\jvm.dll
0x70da0000 - 0x70da7000 	C:\Windows\system32\WSOCK32.dll
0x773e0000 - 0x77415000 	C:\Windows\system32\WS2_32.dll
0x77390000 - 0x77396000 	C:\Windows\system32\NSI.dll
0x73910000 - 0x73942000 	C:\Windows\system32\WINMM.dll
0x773a0000 - 0x773a5000 	C:\Windows\system32\PSAPI.DLL
0x73740000 - 0x7374c000 	C:\Program Files\Java\jre7\bin\verify.dll
0x6dbf0000 - 0x6dc10000 	C:\Program Files\Java\jre7\bin\java.dll
0x6ed00000 - 0x6ed13000 	C:\Program Files\Java\jre7\bin\zip.dll
0x72cf0000 - 0x72ddb000 	C:\Windows\system32\dbghelp.dll

VM Arguments:
jvm_args: -Dfile.encoding=Cp1251 -Xbootclasspath:C:\Program Files\Android\android-sdk\platforms\android-15\android.jar 
java_command: org.exlnt.exrssreader.ParseTester
Launcher Type: SUN_STANDARD

Environment Variables:
JAVA_HOME=C:\Program Files\Java\jre7
PATH=C:/Program Files/Java/jre7/bin/client;C:/Program Files/Java/jre7/bin;C:/Program Files/Java/jre7/lib/i386;C:\Windows\system32;C:\Windows;C:\Windows\System32\Wbem;C:\Windows\System32\WindowsPowerShell\v1.0\;C:\Program Files\ATI Technologies\ATI.ACE\Core-Static;c:\Program Files\Java\jdk1.7.0_04\bin;C:\PostgreSQL\9.1\bin;D:\Work\apache-maven\bin;C:\Program Files\MySQL\MySQL Server 5.5\bin;D:\Soft\eclipse-java-indigo-SR2-win32\eclipse;
USERNAME=exce11ent
OS=Windows_NT
PROCESSOR_IDENTIFIER=x86 Family 16 Model 6 Stepping 2, AuthenticAMD



---------------  S Y S T E M  ---------------

OS: Windows 7 Build 7601 Service Pack 1

CPU:total 2 (2 cores per cpu, 1 threads per core) family 16 model 6 stepping 2, cmov, cx8, fxsr, mmx, sse, sse2, sse3, popcnt, mmxext, 3dnowpref, lzcnt, tsc, tscinvbit, tscinv

Memory: 4k page, physical 3141840k(1001552k free), swap 6281928k(1613624k free)

vm_info: Java HotSpot(TM) Client VM (23.5-b02) for windows-x86 JRE (1.7.0_09-b05), built on Sep 24 2012 22:01:33 by "java_re" with unknown MS VC++:1600

time: Sat Nov 17 16:05:25 2012
elapsed time: 0 seconds

